d:\schoolwork\csc473\computeranimationtemplate2019\util\debug\util.pdb
d:\schoolwork\csc473\computeranimationtemplate2019\util\debug\util.idb
d:\schoolwork\csc473\computeranimationtemplate2019\util\debug\ball.obj
d:\schoolwork\csc473\computeranimationtemplate2019\util\debug\ballaux.obj
d:\schoolwork\csc473\computeranimationtemplate2019\util\debug\ballmath.obj
d:\schoolwork\csc473\computeranimationtemplate2019\util\debug\coordsystem.obj
d:\schoolwork\csc473\computeranimationtemplate2019\util\debug\framesaver.obj
d:\schoolwork\csc473\computeranimationtemplate2019\util\debug\glutilities.obj
d:\schoolwork\csc473\computeranimationtemplate2019\util\debug\image.obj
d:\schoolwork\csc473\computeranimationtemplate2019\util\debug\mymath.obj
d:\schoolwork\csc473\computeranimationtemplate2019\util\debug\noise.obj
d:\schoolwork\csc473\computeranimationtemplate2019\util\debug\picker.obj
d:\schoolwork\csc473\computeranimationtemplate2019\util\debug\quaternion.obj
d:\schoolwork\csc473\computeranimationtemplate2019\util\debug\timer.obj
d:\schoolwork\csc473\computeranimationtemplate2019\util\debug\vector.obj
d:\schoolwork\csc473\computeranimationtemplate2019\util\debug\vectorobj.obj
d:\schoolwork\csc473\freddi_dylan_final_project\util\debug\util.pdb
d:\schoolwork\csc473\freddi_dylan_final_project\util\debug\util.idb
d:\schoolwork\csc473\freddi_dylan_final_project\util\debug\ball.obj
d:\schoolwork\csc473\freddi_dylan_final_project\util\debug\ballaux.obj
d:\schoolwork\csc473\freddi_dylan_final_project\util\debug\ballmath.obj
d:\schoolwork\csc473\freddi_dylan_final_project\util\debug\coordsystem.obj
d:\schoolwork\csc473\freddi_dylan_final_project\util\debug\framesaver.obj
d:\schoolwork\csc473\freddi_dylan_final_project\util\debug\glutilities.obj
d:\schoolwork\csc473\freddi_dylan_final_project\util\debug\image.obj
d:\schoolwork\csc473\freddi_dylan_final_project\util\debug\mymath.obj
d:\schoolwork\csc473\freddi_dylan_final_project\util\debug\noise.obj
d:\schoolwork\csc473\freddi_dylan_final_project\util\debug\picker.obj
d:\schoolwork\csc473\freddi_dylan_final_project\util\debug\quaternion.obj
d:\schoolwork\csc473\freddi_dylan_final_project\util\debug\timer.obj
d:\schoolwork\csc473\freddi_dylan_final_project\util\debug\vector.obj
d:\schoolwork\csc473\freddi_dylan_final_project\util\debug\vectorobj.obj
d:\schoolwork\csc473\computeranimationtemplate2019\lib\util.lib
d:\schoolwork\csc473\freddi_dylan_final_project\lib\util.lib
d:\schoolwork\csc473\freddi_dylan_final_project\util\../lib\util.lib
d:\schoolwork\csc473\freddi_dylan_final_project\util\debug\util.tlog\cl.command.1.tlog
d:\schoolwork\csc473\freddi_dylan_final_project\util\debug\util.tlog\cl.read.1.tlog
d:\schoolwork\csc473\freddi_dylan_final_project\util\debug\util.tlog\cl.write.1.tlog
d:\schoolwork\csc473\freddi_dylan_final_project\util\debug\util.tlog\lib-link.read.1.tlog
d:\schoolwork\csc473\freddi_dylan_final_project\util\debug\util.tlog\lib-link.write.1.tlog
d:\schoolwork\csc473\freddi_dylan_final_project\util\debug\util.tlog\lib.command.1.tlog
