d:\schoolwork\csc473\computeranimationtemplate2019\anim\debug\vc142.pdb
d:\schoolwork\csc473\computeranimationtemplate2019\anim\debug\vc142.idb
d:\schoolwork\csc473\computeranimationtemplate2019\anim\debug\animtcl.obj
d:\schoolwork\csc473\computeranimationtemplate2019\anim\debug\baseobject.obj
d:\schoolwork\csc473\computeranimationtemplate2019\anim\debug\basesimulator.obj
d:\schoolwork\csc473\computeranimationtemplate2019\anim\debug\fireworkssimulator.obj
d:\schoolwork\csc473\computeranimationtemplate2019\anim\debug\globalresourcemanager.obj
d:\schoolwork\csc473\computeranimationtemplate2019\anim\debug\hermitecontrolpoint.obj
d:\schoolwork\csc473\computeranimationtemplate2019\anim\debug\hermitespline.obj
d:\schoolwork\csc473\computeranimationtemplate2019\anim\debug\missile.obj
d:\schoolwork\csc473\computeranimationtemplate2019\anim\debug\missilepathsimulator.obj
d:\schoolwork\csc473\computeranimationtemplate2019\anim\debug\myscene.obj
d:\schoolwork\csc473\computeranimationtemplate2019\anim\debug\particle.obj
d:\schoolwork\csc473\computeranimationtemplate2019\anim\debug\particlephysicssimulator.obj
d:\schoolwork\csc473\computeranimationtemplate2019\anim\debug\particlesystem.obj
d:\schoolwork\csc473\computeranimationtemplate2019\anim\debug\resourcemanager.obj
d:\schoolwork\csc473\computeranimationtemplate2019\anim\debug\samplegravitysimulator.obj
d:\schoolwork\csc473\computeranimationtemplate2019\anim\debug\sampleparticle.obj
d:\schoolwork\csc473\computeranimationtemplate2019\anim\debug\basesystem.obj
d:\schoolwork\csc473\computeranimationtemplate2019\anim\debug\spring.obj
d:\schoolwork\csc473\computeranimationtemplate2019\anim\debug\tank.obj
d:\schoolwork\csc473\computeranimationtemplate2019\anim\debug\tankpath.obj
d:\schoolwork\csc473\computeranimationtemplate2019\anim\debug\anim.obj
d:\schoolwork\csc473\freddi_dylan_final_project\anim\debug\vc142.pdb
d:\schoolwork\csc473\freddi_dylan_final_project\anim\debug\vc142.idb
d:\schoolwork\csc473\freddi_dylan_final_project\anim\debug\animtcl.obj
d:\schoolwork\csc473\freddi_dylan_final_project\anim\debug\baseobject.obj
d:\schoolwork\csc473\freddi_dylan_final_project\anim\debug\basesimulator.obj
d:\schoolwork\csc473\freddi_dylan_final_project\anim\debug\fireworkssimulator.obj
d:\schoolwork\csc473\freddi_dylan_final_project\anim\debug\globalresourcemanager.obj
d:\schoolwork\csc473\freddi_dylan_final_project\anim\debug\hermitecontrolpoint.obj
d:\schoolwork\csc473\freddi_dylan_final_project\anim\debug\hermitespline.obj
d:\schoolwork\csc473\freddi_dylan_final_project\anim\debug\missile.obj
d:\schoolwork\csc473\freddi_dylan_final_project\anim\debug\missilepathsimulator.obj
d:\schoolwork\csc473\freddi_dylan_final_project\anim\debug\myscene.obj
d:\schoolwork\csc473\freddi_dylan_final_project\anim\debug\particle.obj
d:\schoolwork\csc473\freddi_dylan_final_project\anim\debug\particlephysicssimulator.obj
d:\schoolwork\csc473\freddi_dylan_final_project\anim\debug\particlesystem.obj
d:\schoolwork\csc473\freddi_dylan_final_project\anim\debug\resourcemanager.obj
d:\schoolwork\csc473\freddi_dylan_final_project\anim\debug\samplegravitysimulator.obj
d:\schoolwork\csc473\freddi_dylan_final_project\anim\debug\sampleparticle.obj
d:\schoolwork\csc473\freddi_dylan_final_project\anim\debug\basesystem.obj
d:\schoolwork\csc473\freddi_dylan_final_project\anim\debug\spring.obj
d:\schoolwork\csc473\freddi_dylan_final_project\anim\debug\tank.obj
d:\schoolwork\csc473\freddi_dylan_final_project\anim\debug\tankpath.obj
d:\schoolwork\csc473\freddi_dylan_final_project\anim\debug\anim.obj
d:\schoolwork\csc473\computeranimationtemplate2019\build\anim.exe
d:\schoolwork\csc473\computeranimationtemplate2019\build\anim.ilk
d:\schoolwork\csc473\computeranimationtemplate2019\build\animp.pdb
d:\schoolwork\csc473\freddi_dylan_final_project\build\anim.exe
d:\schoolwork\csc473\freddi_dylan_final_project\build\anim.ilk
d:\schoolwork\csc473\freddi_dylan_final_project\build\animp.pdb
d:\schoolwork\csc473\freddi_dylan_final_project\anim\../build\anim.exe
d:\schoolwork\csc473\freddi_dylan_final_project\anim\debug\anim.tlog\cl.command.1.tlog
d:\schoolwork\csc473\freddi_dylan_final_project\anim\debug\anim.tlog\cl.read.1.tlog
d:\schoolwork\csc473\freddi_dylan_final_project\anim\debug\anim.tlog\cl.write.1.tlog
d:\schoolwork\csc473\freddi_dylan_final_project\anim\debug\anim.tlog\link.27780.delete.1.tlog
d:\schoolwork\csc473\freddi_dylan_final_project\anim\debug\anim.tlog\link.command.1.tlog
d:\schoolwork\csc473\freddi_dylan_final_project\anim\debug\anim.tlog\link.delete.1.tlog
d:\schoolwork\csc473\freddi_dylan_final_project\anim\debug\anim.tlog\link.read.1.tlog
d:\schoolwork\csc473\freddi_dylan_final_project\anim\debug\anim.tlog\link.write.1.tlog
